# JRE version: Java(TM) SE Runtime Environment (8.0_60-b27) (build 1.8.0_60-b27)
# Java VM: Java HotSpot(TM) 64-Bit Server VM (25.60-b23 mixed mode windows-amd64 compressed oops)
Heap:
 PSYoungGen      total 23552K, used 1143K [0x00000000eb600000, 0x00000000ed480000, 0x0000000100000000)
  eden space 15872K, 7% used [0x00000000eb600000,0x00000000eb71dc18,0x00000000ec580000)
  from space 7680K, 0% used [0x00000000ec580000,0x00000000ec580000,0x00000000ecd00000)
  to   space 7680K, 0% used [0x00000000ecd00000,0x00000000ecd00000,0x00000000ed480000)
 ParOldGen       total 25088K, used 4929K [0x00000000c2200000, 0x00000000c3a80000, 0x00000000eb600000)
  object space 25088K, 19% used [0x00000000c2200000,0x00000000c26d0458,0x00000000c3a80000)
 Metaspace       used 20944K, capacity 21348K, committed 21552K, reserved 1069056K
  class space    used 1727K, capacity 1916K, committed 1920K, reserved 1048576K
GC Heap History (10 events):
Event: 45.869 GC heap before
{Heap before GC invocations=7 (full 1):
 PSYoungGen      total 23552K, used 2592K [0x00000000eb600000, 0x00000000ed480000, 0x0000000100000000)
  eden space 15872K, 0% used [0x00000000eb600000,0x00000000eb600000,0x00000000ec580000)
  from space 7680K, 33% used [0x00000000ecd00000,0x00000000ecf88018,0x00000000ed480000)
  to   space 7680K, 0% used [0x00000000ec580000,0x00000000ec580000,0x00000000ecd00000)
 ParOldGen       total 42496K, used 7687K [0x00000000c2200000, 0x00000000c4b80000, 0x00000000eb600000)
  object space 42496K, 18% used [0x00000000c2200000,0x00000000c2981e98,0x00000000c4b80000)
 Metaspace       used 20858K, capacity 21220K, committed 21296K, reserved 1069056K
  class space    used 1727K, capacity 1916K, committed 1920K, reserved 1048576K
Event: 45.957 GC heap after
Heap after GC invocations=7 (full 1):
 PSYoungGen      total 23552K, used 0K [0x00000000eb600000, 0x00000000ed480000, 0x0000000100000000)
  eden space 15872K, 0% used [0x00000000eb600000,0x00000000eb600000,0x00000000ec580000)
  from space 7680K, 0% used [0x00000000ecd00000,0x00000000ecd00000,0x00000000ed480000)
  to   space 7680K, 0% used [0x00000000ec580000,0x00000000ec580000,0x00000000ecd00000)
 ParOldGen       total 29696K, used 8799K [0x00000000c2200000, 0x00000000c3f00000, 0x00000000eb600000)
  object space 29696K, 29% used [0x00000000c2200000,0x00000000c2a97cf0,0x00000000c3f00000)
 Metaspace       used 20858K, capacity 21220K, committed 21296K, reserved 1069056K
  class space    used 1727K, capacity 1916K, committed 1920K, reserved 1048576K
}
Event: 58.408 GC heap before
{Heap before GC invocations=8 (full 1):
 PSYoungGen      total 23552K, used 15872K [0x00000000eb600000, 0x00000000ed480000, 0x0000000100000000)
  eden space 15872K, 100% used [0x00000000eb600000,0x00000000ec580000,0x00000000ec580000)
  from space 7680K, 0% used [0x00000000ecd00000,0x00000000ecd00000,0x00000000ed480000)
  to   space 7680K, 0% used [0x00000000ec580000,0x00000000ec580000,0x00000000ecd00000)
 ParOldGen       total 29696K, used 8799K [0x00000000c2200000, 0x00000000c3f00000, 0x00000000eb600000)
  object space 29696K, 29% used [0x00000000c2200000,0x00000000c2a97cf0,0x00000000c3f00000)
 Metaspace       used 20942K, capacity 21290K, committed 21552K, reserved 1069056K
  class space    used 1728K, capacity 1917K, committed 1920K, reserved 1048576K
Event: 58.419 GC heap after
Heap after GC invocations=8 (full 1):
 PSYoungGen      total 23552K, used 1501K [0x00000000eb600000, 0x00000000ed480000, 0x0000000100000000)
  eden space 15872K, 0% used [0x00000000eb600000,0x00000000eb600000,0x00000000ec580000)
  from space 7680K, 19% used [0x00000000ec580000,0x00000000ec6f7610,0x00000000ecd00000)
  to   space 7680K, 0% used [0x00000000ecd00000,0x00000000ecd00000,0x00000000ed480000)
 ParOldGen       total 29696K, used 8807K [0x00000000c2200000, 0x00000000c3f00000, 0x00000000eb600000)
  object space 29696K, 29% used [0x00000000c2200000,0x00000000c2a99cf0,0x00000000c3f00000)
 Metaspace       used 20942K, capacity 21290K, committed 21552K, reserved 1069056K
  class space    used 1728K, capacity 1917K, committed 1920K, reserved 1048576K
}
Event: 70.690 GC heap before
{Heap before GC invocations=9 (full 1):
 PSYoungGen      total 23552K, used 17373K [0x00000000eb600000, 0x00000000ed480000, 0x0000000100000000)
  eden space 15872K, 100% used [0x00000000eb600000,0x00000000ec580000,0x00000000ec580000)
  from space 7680K, 19% used [0x00000000ec580000,0x00000000ec6f7610,0x00000000ecd00000)
  to   space 7680K, 0% used [0x00000000ecd00000,0x00000000ecd00000,0x00000000ed480000)
 ParOldGen       total 29696K, used 8807K [0x00000000c2200000, 0x00000000c3f00000, 0x00000000eb600000)
  object space 29696K, 29% used [0x00000000c2200000,0x00000000c2a99cf0,0x00000000c3f00000)
 Metaspace       used 20945K, capacity 21354K, committed 21552K, reserved 1069056K
  class space    used 1728K, capacity 1917K, committed 1920K, reserved 1048576K
Event: 70.698 GC heap after
Heap after GC invocations=9 (full 1):
 PSYoungGen      total 23552K, used 1661K [0x00000000eb600000, 0x00000000ed480000, 0x0000000100000000)
  eden space 15872K, 0% used [0x00000000eb600000,0x00000000eb600000,0x00000000ec580000)
  from space 7680K, 21% used [0x00000000ecd00000,0x00000000ece9f610,0x00000000ed480000)
  to   space 7680K, 0% used [0x00000000ec580000,0x00000000ec580000,0x00000000ecd00000)
 ParOldGen       total 29696K, used 8807K [0x00000000c2200000, 0x00000000c3f00000, 0x00000000eb600000)
  object space 29696K, 29% used [0x00000000c2200000,0x00000000c2a99cf0,0x00000000c3f00000)
 Metaspace       used 20945K, capacity 21354K, committed 21552K, reserved 1069056K
  class space    used 1728K, capacity 1917K, committed 1920K, reserved 1048576K
}
Event: 74.544 GC heap before
{Heap before GC invocations=10 (full 1):
 PSYoungGen      total 23552K, used 8281K [0x00000000eb600000, 0x00000000ed480000, 0x0000000100000000)
  eden space 15872K, 41% used [0x00000000eb600000,0x00000000ebc77010,0x00000000ec580000)
  from space 7680K, 21% used [0x00000000ecd00000,0x00000000ece9f610,0x00000000ed480000)
  to   space 7680K, 0% used [0x00000000ec580000,0x00000000ec580000,0x00000000ecd00000)
 ParOldGen       total 29696K, used 8807K [0x00000000c2200000, 0x00000000c3f00000, 0x00000000eb600000)
  object space 29696K, 29% used [0x00000000c2200000,0x00000000c2a99cf0,0x00000000c3f00000)
 Metaspace       used 20945K, capacity 21354K, committed 21552K, reserved 1069056K
  class space    used 1728K, capacity 1917K, committed 1920K, reserved 1048576K
Event: 74.549 GC heap after
Heap after GC invocations=10 (full 1):
 PSYoungGen      total 23552K, used 957K [0x00000000eb600000, 0x00000000ed480000, 0x0000000100000000)
  eden space 15872K, 0% used [0x00000000eb600000,0x00000000eb600000,0x00000000ec580000)
  from space 7680K, 12% used [0x00000000ec580000,0x00000000ec66f610,0x00000000ecd00000)
  to   space 7680K, 0% used [0x00000000ecd00000,0x00000000ecd00000,0x00000000ed480000)
 ParOldGen       total 29696K, used 8807K [0x00000000c2200000, 0x00000000c3f00000, 0x00000000eb600000)
  object space 29696K, 29% used [0x00000000c2200000,0x00000000c2a99cf0,0x00000000c3f00000)
 Metaspace       used 20945K, capacity 21354K, committed 21552K, reserved 1069056K
  class space    used 1728K, capacity 1917K, committed 1920K, reserved 1048576K
}
Event: 74.549 GC heap before
{Heap before GC invocations=11 (full 2):
 PSYoungGen      total 23552K, used 957K [0x00000000eb600000, 0x00000000ed480000, 0x0000000100000000)
  eden space 15872K, 0% used [0x00000000eb600000,0x00000000eb600000,0x00000000ec580000)
  from space 7680K, 12% used [0x00000000ec580000,0x00000000ec66f610,0x00000000ecd00000)
  to   space 7680K, 0% used [0x00000000ecd00000,0x00000000ecd00000,0x00000000ed480000)
 ParOldGen       total 29696K, used 8807K [0x00000000c2200000, 0x00000000c3f00000, 0x00000000eb600000)
  object space 29696K, 29% used [0x00000000c2200000,0x00000000c2a99cf0,0x00000000c3f00000)
 Metaspace       used 20945K, capacity 21354K, committed 21552K, reserved 1069056K
  class space    used 1728K, capacity 1917K, committed 1920K, reserved 1048576K
Event: 74.590 GC heap after
Heap after GC invocations=11 (full 2):
 PSYoungGen      total 23552K, used 0K [0x00000000eb600000, 0x00000000ed480000, 0x0000000100000000)
  eden space 15872K, 0% used [0x00000000eb600000,0x00000000eb600000,0x00000000ec580000)
  from space 7680K, 0% used [0x00000000ec580000,0x00000000ec580000,0x00000000ecd00000)
  to   space 7680K, 0% used [0x00000000ecd00000,0x00000000ecd00000,0x00000000ed480000)
 ParOldGen       total 25088K, used 4929K [0x00000000c2200000, 0x00000000c3a80000, 0x00000000eb600000)
  object space 25088K, 19% used [0x00000000c2200000,0x00000000c26d0458,0x00000000c3a80000)
 Metaspace       used 20944K, capacity 21348K, committed 21552K, reserved 1069056K
  class space    used 1727K, capacity 1916K, committed 1920K, reserved 1048576K
}

